d:\maple_0520\maple\debug\vc143.pdb
d:\maple_0520\maple\debug\vc143.idb
d:\maple_0520\maple\debug\player.obj
d:\maple_0520\maple\debug\_main.obj
d:\maple_0520\maple\debug\game.obj
d:\maple_0520\maple\debug\maple.ilk
d:\maple_0520\debug\maple.exe
d:\maple_0520\debug\maple.pdb
d:\프로젝트 백업\gameproject\maple_0606\maple\debug\game.obj
d:\프로젝트 백업\gameproject\maple_0606\maple\debug\player.obj
d:\프로젝트 백업\gameproject\maple_0606\maple\debug\_main.obj
d:\프로젝트 백업\gameproject\maple_0606\maple\debug\maple.ilk
d:\프로젝트 백업\gameproject\maple_0606\maple\debug\vc142.idb
d:\프로젝트 백업\gameproject\maple_0606\maple\debug\vc143.idb
d:\프로젝트 백업\gameproject\maple_0606\maple\debug\vc142.pdb
d:\프로젝트 백업\gameproject\maple_0606\maple\debug\vc143.pdb
d:\프로젝트 백업\gameproject\maple_0606\debug\maple.pdb
d:\프로젝트 백업\gameproject\maple_0606\debug\maple.exe
d:\프로젝트 백업\gameproject\maple_0606\maple\debug\maple.tlog\cl.command.1.tlog
d:\프로젝트 백업\gameproject\maple_0606\maple\debug\maple.tlog\cl.read.1.tlog
d:\프로젝트 백업\gameproject\maple_0606\maple\debug\maple.tlog\cl.write.1.tlog
d:\프로젝트 백업\gameproject\maple_0606\maple\debug\maple.tlog\link.command.1.tlog
d:\프로젝트 백업\gameproject\maple_0606\maple\debug\maple.tlog\link.read.1.tlog
d:\프로젝트 백업\gameproject\maple_0606\maple\debug\maple.tlog\link.write.1.tlog
