  Game.cpp
D:\프로젝트 백업\GameProject\maple_0606\maple\Maple.h(65,1): warning C4267: '=': 'size_t'에서 'int'(으)로 변환하면서 데이터가 손실될 수 있습니다.
D:\프로젝트 백업\GameProject\maple_0606\maple\Maple.h(81,1): warning C4267: '=': 'size_t'에서 'int'(으)로 변환하면서 데이터가 손실될 수 있습니다.
  _Main.cpp
D:\프로젝트 백업\GameProject\maple_0606\maple\Maple.h(65,1): warning C4267: '=': 'size_t'에서 'int'(으)로 변환하면서 데이터가 손실될 수 있습니다.
D:\프로젝트 백업\GameProject\maple_0606\maple\Maple.h(81,1): warning C4267: '=': 'size_t'에서 'int'(으)로 변환하면서 데이터가 손실될 수 있습니다.
  Player.cpp
D:\프로젝트 백업\GameProject\maple_0606\maple\Maple.h(65,1): warning C4267: '=': 'size_t'에서 'int'(으)로 변환하면서 데이터가 손실될 수 있습니다.
D:\프로젝트 백업\GameProject\maple_0606\maple\Maple.h(81,1): warning C4267: '=': 'size_t'에서 'int'(으)로 변환하면서 데이터가 손실될 수 있습니다.
Game.obj : error LNK2001: 확인할 수 없는 외부 기호 "__declspec(dllimport) public: static class sf::RenderStates const sf::RenderStates::Default" (__imp_?Default@RenderStates@sf@@2V12@B)
Game.obj : error LNK2001: 확인할 수 없는 외부 기호 "__declspec(dllimport) public: class sf::Vector2<float> const & __cdecl sf::Transformable::getScale(void)const " (__imp_?getScale@Transformable@sf@@QEBAAEBV?$Vector2@M@2@XZ)
Game.obj : error LNK2001: 확인할 수 없는 외부 기호 "__declspec(dllimport) public: void __cdecl sf::Transformable::setScale(float,float)" (__imp_?setScale@Transformable@sf@@QEAAXMM@Z)
Game.obj : error LNK2001: 확인할 수 없는 외부 기호 "__declspec(dllimport) public: void __cdecl sf::Transformable::setPosition(float,float)" (__imp_?setPosition@Transformable@sf@@QEAAXMM@Z)
Game.obj : error LNK2001: 확인할 수 없는 외부 기호 "__declspec(dllimport) public: void __cdecl sf::RenderTarget::draw(class sf::Drawable const &,class sf::RenderStates const &)" (__imp_?draw@RenderTarget@sf@@QEAAXAEBVDrawable@2@AEBVRenderStates@2@@Z)
Game.obj : error LNK2001: 확인할 수 없는 외부 기호 "__declspec(dllimport) public: class sf::Rect<float> __cdecl sf::Shape::getGlobalBounds(void)const " (__imp_?getGlobalBounds@Shape@sf@@QEBA?AV?$Rect@M@2@XZ)
Game.obj : error LNK2001: 확인할 수 없는 외부 기호 "__declspec(dllimport) public: __cdecl sf::RectangleShape::RectangleShape(class sf::RectangleShape const &)" (__imp_??0RectangleShape@sf@@QEAA@AEBV01@@Z)
Game.obj : error LNK2001: 확인할 수 없는 외부 기호 "__declspec(dllimport) public: virtual __cdecl sf::RectangleShape::~RectangleShape(void)" (__imp_??1RectangleShape@sf@@UEAA@XZ)
_Main.obj : error LNK2001: 확인할 수 없는 외부 기호 "__declspec(dllimport) public: bool __cdecl sf::Texture::loadFromFile(class std::basic_string<char,struct std::char_traits<char>,class std::allocator<char> > const &,class sf::Rect<int> const &)" (__imp_?loadFromFile@Texture@sf@@QEAA_NAEBV?$basic_string@DU?$char_traits@D@std@@V?$allocator@D@2@@std@@AEBV?$Rect@H@2@@Z)
_Main.obj : error LNK2001: 확인할 수 없는 외부 기호 "__declspec(dllimport) public: __cdecl sf::Texture::~Texture(void)" (__imp_??1Texture@sf@@QEAA@XZ)
_Main.obj : error LNK2001: 확인할 수 없는 외부 기호 "__declspec(dllimport) public: __cdecl sf::Texture::Texture(void)" (__imp_??0Texture@sf@@QEAA@XZ)
_Main.obj : error LNK2001: 확인할 수 없는 외부 기호 "__declspec(dllimport) public: virtual __cdecl sf::RenderWindow::~RenderWindow(void)" (__imp_??1RenderWindow@sf@@UEAA@XZ)
_Main.obj : error LNK2001: 확인할 수 없는 외부 기호 "__declspec(dllimport) public: __cdecl sf::RenderWindow::RenderWindow(class sf::VideoMode,class sf::String const &,unsigned int,struct sf::ContextSettings const &)" (__imp_??0RenderWindow@sf@@QEAA@VVideoMode@1@AEBVString@1@IAEBUContextSettings@1@@Z)
_Main.obj : error LNK2001: 확인할 수 없는 외부 기호 "__declspec(dllimport) public: __cdecl sf::Color::Color(unsigned char,unsigned char,unsigned char,unsigned char)" (__imp_??0Color@sf@@QEAA@EEEE@Z)
_Main.obj : error LNK2001: 확인할 수 없는 외부 기호 "__declspec(dllimport) public: static class sf::Color const sf::Color::Red" (__imp_?Red@Color@sf@@2V12@B)
_Main.obj : error LNK2001: 확인할 수 없는 외부 기호 "__declspec(dllimport) bool __cdecl sf::operator==(class sf::String const &,class sf::String const &)" (__imp_??8sf@@YA_NAEBVString@0@0@Z)
_Main.obj : error LNK2001: 확인할 수 없는 외부 기호 "__declspec(dllimport) public: void __cdecl sf::Window::display(void)" (__imp_?display@Window@sf@@QEAAXXZ)
_Main.obj : error LNK2001: 확인할 수 없는 외부 기호 "__declspec(dllimport) public: void __cdecl sf::Window::setFramerateLimit(unsigned int)" (__imp_?setFramerateLimit@Window@sf@@QEAAXI@Z)
_Main.obj : error LNK2001: 확인할 수 없는 외부 기호 "__declspec(dllimport) public: bool __cdecl sf::Window::pollEvent(class sf::Event &)" (__imp_?pollEvent@Window@sf@@QEAA_NAEAVEvent@2@@Z)
_Main.obj : error LNK2001: 확인할 수 없는 외부 기호 "__declspec(dllimport) public: bool __cdecl sf::Window::isOpen(void)const " (__imp_?isOpen@Window@sf@@QEBA_NXZ)
_Main.obj : error LNK2001: 확인할 수 없는 외부 기호 "__declspec(dllimport) public: void __cdecl sf::Window::close(void)" (__imp_?close@Window@sf@@QEAAXXZ)
_Main.obj : error LNK2001: 확인할 수 없는 외부 기호 "__declspec(dllimport) public: void __cdecl sf::RenderTarget::clear(class sf::Color const &)" (__imp_?clear@RenderTarget@sf@@QEAAXAEBVColor@2@@Z)
_Main.obj : error LNK2001: 확인할 수 없는 외부 기호 "__declspec(dllimport) public: static bool __cdecl sf::Keyboard::isKeyPressed(enum sf::Keyboard::Key)" (__imp_?isKeyPressed@Keyboard@sf@@SA_NW4Key@12@@Z)
_Main.obj : error LNK2001: 확인할 수 없는 외부 기호 "__declspec(dllimport) public: void __cdecl sf::Shape::setOutlineThickness(float)" (__imp_?setOutlineThickness@Shape@sf@@QEAAXM@Z)
_Main.obj : error LNK2001: 확인할 수 없는 외부 기호 "__declspec(dllimport) public: void __cdecl sf::Shape::setOutlineColor(class sf::Color const &)" (__imp_?setOutlineColor@Shape@sf@@QEAAXAEBVColor@2@@Z)
_Main.obj : error LNK2001: 확인할 수 없는 외부 기호 "__declspec(dllimport) public: void __cdecl sf::Shape::setTexture(class sf::Texture const *,bool)" (__imp_?setTexture@Shape@sf@@QEAAXPEBVTexture@2@_N@Z)
_Main.obj : error LNK2001: 확인할 수 없는 외부 기호 "__declspec(dllimport) public: __cdecl sf::String::String(char const *,class std::locale const &)" (__imp_??0String@sf@@QEAA@PEBDAEBVlocale@std@@@Z)
_Main.obj : error LNK2001: 확인할 수 없는 외부 기호 "__declspec(dllimport) public: void __cdecl sf::RectangleShape::setSize(class sf::Vector2<float> const &)" (__imp_?setSize@RectangleShape@sf@@QEAAXAEBV?$Vector2@M@2@@Z)
_Main.obj : error LNK2001: 확인할 수 없는 외부 기호 "__declspec(dllimport) public: __cdecl sf::RectangleShape::RectangleShape(class sf::Vector2<float> const &)" (__imp_??0RectangleShape@sf@@QEAA@AEBV?$Vector2@M@1@@Z)
_Main.obj : error LNK2001: 확인할 수 없는 외부 기호 "__declspec(dllimport) public: __cdecl sf::VideoMode::VideoMode(unsigned int,unsigned int,unsigned int)" (__imp_??0VideoMode@sf@@QEAA@III@Z)
_Main.obj : error LNK2001: 확인할 수 없는 외부 기호 "__declspec(dllimport) public: void __cdecl sf::Sprite::setTexture(class sf::Texture const &,bool)" (__imp_?setTexture@Sprite@sf@@QEAAXAEBVTexture@2@_N@Z)
_Main.obj : error LNK2001: 확인할 수 없는 외부 기호 "__declspec(dllimport) public: __cdecl sf::Sprite::Sprite(void)" (__imp_??0Sprite@sf@@QEAA@XZ)
_Main.obj : error LNK2001: 확인할 수 없는 외부 기호 "__declspec(dllimport) public: __cdecl sf::String::~String(void)" (__imp_??1String@sf@@QEAA@XZ)
_Main.obj : error LNK2001: 확인할 수 없는 외부 기호 "__declspec(dllimport) public: virtual __cdecl sf::Sprite::~Sprite(void)" (__imp_??1Sprite@sf@@UEAA@XZ)
D:\프로젝트 백업\GameProject\maple_0606\x64\Release\maple.exe : fatal error LNK1120: 34개의 확인할 수 없는 외부 참조입니다.
